<?xml version="1.0" encoding="UTF-8"?>
<testsuite xmlns:xsi="http://www.w3.org/2001/XMLSchema-instance" xsi:noNamespaceSchemaLocation="https://maven.apache.org/surefire/maven-surefire-plugin/xsd/surefire-test-report.xsd" version="3.0.2" name="TestSuite" time="9.224" tests="9" errors="0" skipped="0" failures="0">
  <properties>
    <property name="java.specification.version" value="21"/>
    <property name="sun.cpu.isalist" value="amd64"/>
    <property name="sun.jnu.encoding" value="Cp1252"/>
    <property name="java.class.path" value="C:\Users\purushottam.b01\eclipse-workspace\APIChainingUsingRestAssuredFramework\target\test-classes;C:\Users\purushottam.b01\eclipse-workspace\APIChainingUsingRestAssuredFramework\target\classes;C:\Users\purushottam.b01\.m2\repository\io\rest-assured\rest-assured\5.4.0\rest-assured-5.4.0.jar;C:\Users\purushottam.b01\.m2\repository\org\apache\groovy\groovy\4.0.16\groovy-4.0.16.jar;C:\Users\purushottam.b01\.m2\repository\org\apache\groovy\groovy-xml\4.0.16\groovy-xml-4.0.16.jar;C:\Users\purushottam.b01\.m2\repository\org\apache\httpcomponents\httpclient\4.5.13\httpclient-4.5.13.jar;C:\Users\purushottam.b01\.m2\repository\org\apache\httpcomponents\httpcore\4.4.13\httpcore-4.4.13.jar;C:\Users\purushottam.b01\.m2\repository\commons-logging\commons-logging\1.2\commons-logging-1.2.jar;C:\Users\purushottam.b01\.m2\repository\org\apache\httpcomponents\httpmime\4.5.13\httpmime-4.5.13.jar;C:\Users\purushottam.b01\.m2\repository\org\hamcrest\hamcrest\2.2\hamcrest-2.2.jar;C:\Users\purushottam.b01\.m2\repository\org\ccil\cowan\tagsoup\tagsoup\1.2.1\tagsoup-1.2.1.jar;C:\Users\purushottam.b01\.m2\repository\io\rest-assured\json-path\5.4.0\json-path-5.4.0.jar;C:\Users\purushottam.b01\.m2\repository\org\apache\groovy\groovy-json\4.0.16\groovy-json-4.0.16.jar;C:\Users\purushottam.b01\.m2\repository\io\rest-assured\rest-assured-common\5.4.0\rest-assured-common-5.4.0.jar;C:\Users\purushottam.b01\.m2\repository\io\rest-assured\xml-path\5.4.0\xml-path-5.4.0.jar;C:\Users\purushottam.b01\.m2\repository\org\apache\commons\commons-lang3\3.11\commons-lang3-3.11.jar;C:\Users\purushottam.b01\.m2\repository\io\rest-assured\json-schema-validator\5.4.0\json-schema-validator-5.4.0.jar;C:\Users\purushottam.b01\.m2\repository\com\github\java-json-tools\json-schema-validator\2.2.14\json-schema-validator-2.2.14.jar;C:\Users\purushottam.b01\.m2\repository\com\github\java-json-tools\jackson-coreutils-equivalence\1.0\jackson-coreutils-equivalence-1.0.jar;C:\Users\purushottam.b01\.m2\repository\com\github\java-json-tools\jackson-coreutils\2.0\jackson-coreutils-2.0.jar;C:\Users\purushottam.b01\.m2\repository\com\github\java-json-tools\msg-simple\1.2\msg-simple-1.2.jar;C:\Users\purushottam.b01\.m2\repository\com\github\java-json-tools\btf\1.3\btf-1.3.jar;C:\Users\purushottam.b01\.m2\repository\com\github\java-json-tools\json-schema-core\1.2.14\json-schema-core-1.2.14.jar;C:\Users\purushottam.b01\.m2\repository\com\github\java-json-tools\uri-template\0.10\uri-template-0.10.jar;C:\Users\purushottam.b01\.m2\repository\org\mozilla\rhino\1.7.7.2\rhino-1.7.7.2.jar;C:\Users\purushottam.b01\.m2\repository\com\sun\mail\mailapi\1.6.2\mailapi-1.6.2.jar;C:\Users\purushottam.b01\.m2\repository\joda-time\joda-time\2.10.5\joda-time-2.10.5.jar;C:\Users\purushottam.b01\.m2\repository\com\googlecode\libphonenumber\libphonenumber\8.11.1\libphonenumber-8.11.1.jar;C:\Users\purushottam.b01\.m2\repository\com\google\code\findbugs\jsr305\3.0.2\jsr305-3.0.2.jar;C:\Users\purushottam.b01\.m2\repository\net\sf\jopt-simple\jopt-simple\5.0.4\jopt-simple-5.0.4.jar;C:\Users\purushottam.b01\.m2\repository\com\google\guava\guava\32.0.1-jre\guava-32.0.1-jre.jar;C:\Users\purushottam.b01\.m2\repository\com\google\guava\failureaccess\1.0.1\failureaccess-1.0.1.jar;C:\Users\purushottam.b01\.m2\repository\com\google\guava\listenablefuture\9999.0-empty-to-avoid-conflict-with-guava\listenablefuture-9999.0-empty-to-avoid-conflict-with-guava.jar;C:\Users\purushottam.b01\.m2\repository\org\checkerframework\checker-qual\3.33.0\checker-qual-3.33.0.jar;C:\Users\purushottam.b01\.m2\repository\com\google\j2objc\j2objc-annotations\2.8\j2objc-annotations-2.8.jar;C:\Users\purushottam.b01\.m2\repository\org\testng\testng\7.10.2\testng-7.10.2.jar;C:\Users\purushottam.b01\.m2\repository\org\slf4j\slf4j-api\1.7.36\slf4j-api-1.7.36.jar;C:\Users\purushottam.b01\.m2\repository\com\beust\jcommander\1.82\jcommander-1.82.jar;C:\Users\purushottam.b01\.m2\repository\org\webjars\jquery\3.7.1\jquery-3.7.1.jar;C:\Users\purushottam.b01\.m2\repository\org\json\json\20240303\json-20240303.jar;C:\Users\purushottam.b01\.m2\repository\com\github\scribejava\scribejava-apis\8.3.3\scribejava-apis-8.3.3.jar;C:\Users\purushottam.b01\.m2\repository\com\github\scribejava\scribejava-core\8.3.3\scribejava-core-8.3.3.jar;C:\Users\purushottam.b01\.m2\repository\com\github\scribejava\scribejava-java8\8.3.3\scribejava-java8-8.3.3.jar;C:\Users\purushottam.b01\.m2\repository\com\fasterxml\jackson\core\jackson-databind\2.14.0\jackson-databind-2.14.0.jar;C:\Users\purushottam.b01\.m2\repository\com\fasterxml\jackson\core\jackson-annotations\2.14.0\jackson-annotations-2.14.0.jar;C:\Users\purushottam.b01\.m2\repository\com\fasterxml\jackson\core\jackson-core\2.14.0\jackson-core-2.14.0.jar;C:\Users\purushottam.b01\.m2\repository\com\google\code\gson\gson\2.11.0\gson-2.11.0.jar;C:\Users\purushottam.b01\.m2\repository\com\google\errorprone\error_prone_annotations\2.27.0\error_prone_annotations-2.27.0.jar;C:\Users\purushottam.b01\.m2\repository\com\github\javafaker\javafaker\1.0.2\javafaker-1.0.2.jar;C:\Users\purushottam.b01\.m2\repository\org\yaml\snakeyaml\1.23\snakeyaml-1.23-android.jar;C:\Users\purushottam.b01\.m2\repository\com\github\mifmif\generex\1.0.2\generex-1.0.2.jar;C:\Users\purushottam.b01\.m2\repository\dk\brics\automaton\automaton\1.11-8\automaton-1.11-8.jar;C:\Users\purushottam.b01\.m2\repository\com\aventstack\extentreports\5.0.9\extentreports-5.0.9.jar;C:\Users\purushottam.b01\.m2\repository\io\reactivex\rxjava3\rxjava\3.0.4\rxjava-3.0.4.jar;C:\Users\purushottam.b01\.m2\repository\org\reactivestreams\reactive-streams\1.0.3\reactive-streams-1.0.3.jar;C:\Users\purushottam.b01\.m2\repository\org\freemarker\freemarker\2.3.30\freemarker-2.3.30.jar;C:\Users\purushottam.b01\.m2\repository\org\projectlombok\lombok\1.18.12\lombok-1.18.12.jar;C:\Users\purushottam.b01\.m2\repository\org\apache\poi\poi\5.2.2\poi-5.2.2.jar;C:\Users\purushottam.b01\.m2\repository\commons-codec\commons-codec\1.15\commons-codec-1.15.jar;C:\Users\purushottam.b01\.m2\repository\org\apache\commons\commons-collections4\4.4\commons-collections4-4.4.jar;C:\Users\purushottam.b01\.m2\repository\org\apache\commons\commons-math3\3.6.1\commons-math3-3.6.1.jar;C:\Users\purushottam.b01\.m2\repository\commons-io\commons-io\2.11.0\commons-io-2.11.0.jar;C:\Users\purushottam.b01\.m2\repository\com\zaxxer\SparseBitSet\1.2\SparseBitSet-1.2.jar;C:\Users\purushottam.b01\.m2\repository\org\apache\poi\poi-ooxml\5.2.2\poi-ooxml-5.2.2.jar;C:\Users\purushottam.b01\.m2\repository\org\apache\poi\poi-ooxml-lite\5.2.2\poi-ooxml-lite-5.2.2.jar;C:\Users\purushottam.b01\.m2\repository\org\apache\xmlbeans\xmlbeans\5.0.3\xmlbeans-5.0.3.jar;C:\Users\purushottam.b01\.m2\repository\org\apache\commons\commons-compress\1.21\commons-compress-1.21.jar;C:\Users\purushottam.b01\.m2\repository\com\github\virtuald\curvesapi\1.07\curvesapi-1.07.jar;C:\Users\purushottam.b01\.m2\repository\org\apache\logging\log4j\log4j-api\2.18.0\log4j-api-2.18.0.jar;C:\Users\purushottam.b01\.m2\repository\org\apache\logging\log4j\log4j-core\2.18.0\log4j-core-2.18.0.jar;"/>
    <property name="java.vm.vendor" value="Oracle Corporation"/>
    <property name="sun.arch.data.model" value="64"/>
    <property name="user.variant" value=""/>
    <property name="java.vendor.url" value="https://java.oracle.com/"/>
    <property name="user.timezone" value="Asia/Calcutta"/>
    <property name="os.name" value="Windows 11"/>
    <property name="java.vm.specification.version" value="21"/>
    <property name="sun.java.launcher" value="SUN_STANDARD"/>
    <property name="user.country" value="US"/>
    <property name="sun.boot.library.path" value="C:\Users\purushottam.b01\Desktop\jdk-21\bin"/>
    <property name="sun.java.command" value="C:\Users\purushottam.b01\AppData\Local\Temp\surefire4112736975892343665\surefirebooter-20240716123546624_3.jar C:\Users\purushottam.b01\AppData\Local\Temp\surefire4112736975892343665 2024-07-16T12-35-46_425-jvmRun1 surefire-20240716123546624_1tmp surefire_0-20240716123546624_2tmp"/>
    <property name="jdk.debug" value="release"/>
    <property name="surefire.test.class.path" value="C:\Users\purushottam.b01\eclipse-workspace\APIChainingUsingRestAssuredFramework\target\test-classes;C:\Users\purushottam.b01\eclipse-workspace\APIChainingUsingRestAssuredFramework\target\classes;C:\Users\purushottam.b01\.m2\repository\io\rest-assured\rest-assured\5.4.0\rest-assured-5.4.0.jar;C:\Users\purushottam.b01\.m2\repository\org\apache\groovy\groovy\4.0.16\groovy-4.0.16.jar;C:\Users\purushottam.b01\.m2\repository\org\apache\groovy\groovy-xml\4.0.16\groovy-xml-4.0.16.jar;C:\Users\purushottam.b01\.m2\repository\org\apache\httpcomponents\httpclient\4.5.13\httpclient-4.5.13.jar;C:\Users\purushottam.b01\.m2\repository\org\apache\httpcomponents\httpcore\4.4.13\httpcore-4.4.13.jar;C:\Users\purushottam.b01\.m2\repository\commons-logging\commons-logging\1.2\commons-logging-1.2.jar;C:\Users\purushottam.b01\.m2\repository\org\apache\httpcomponents\httpmime\4.5.13\httpmime-4.5.13.jar;C:\Users\purushottam.b01\.m2\repository\org\hamcrest\hamcrest\2.2\hamcrest-2.2.jar;C:\Users\purushottam.b01\.m2\repository\org\ccil\cowan\tagsoup\tagsoup\1.2.1\tagsoup-1.2.1.jar;C:\Users\purushottam.b01\.m2\repository\io\rest-assured\json-path\5.4.0\json-path-5.4.0.jar;C:\Users\purushottam.b01\.m2\repository\org\apache\groovy\groovy-json\4.0.16\groovy-json-4.0.16.jar;C:\Users\purushottam.b01\.m2\repository\io\rest-assured\rest-assured-common\5.4.0\rest-assured-common-5.4.0.jar;C:\Users\purushottam.b01\.m2\repository\io\rest-assured\xml-path\5.4.0\xml-path-5.4.0.jar;C:\Users\purushottam.b01\.m2\repository\org\apache\commons\commons-lang3\3.11\commons-lang3-3.11.jar;C:\Users\purushottam.b01\.m2\repository\io\rest-assured\json-schema-validator\5.4.0\json-schema-validator-5.4.0.jar;C:\Users\purushottam.b01\.m2\repository\com\github\java-json-tools\json-schema-validator\2.2.14\json-schema-validator-2.2.14.jar;C:\Users\purushottam.b01\.m2\repository\com\github\java-json-tools\jackson-coreutils-equivalence\1.0\jackson-coreutils-equivalence-1.0.jar;C:\Users\purushottam.b01\.m2\repository\com\github\java-json-tools\jackson-coreutils\2.0\jackson-coreutils-2.0.jar;C:\Users\purushottam.b01\.m2\repository\com\github\java-json-tools\msg-simple\1.2\msg-simple-1.2.jar;C:\Users\purushottam.b01\.m2\repository\com\github\java-json-tools\btf\1.3\btf-1.3.jar;C:\Users\purushottam.b01\.m2\repository\com\github\java-json-tools\json-schema-core\1.2.14\json-schema-core-1.2.14.jar;C:\Users\purushottam.b01\.m2\repository\com\github\java-json-tools\uri-template\0.10\uri-template-0.10.jar;C:\Users\purushottam.b01\.m2\repository\org\mozilla\rhino\1.7.7.2\rhino-1.7.7.2.jar;C:\Users\purushottam.b01\.m2\repository\com\sun\mail\mailapi\1.6.2\mailapi-1.6.2.jar;C:\Users\purushottam.b01\.m2\repository\joda-time\joda-time\2.10.5\joda-time-2.10.5.jar;C:\Users\purushottam.b01\.m2\repository\com\googlecode\libphonenumber\libphonenumber\8.11.1\libphonenumber-8.11.1.jar;C:\Users\purushottam.b01\.m2\repository\com\google\code\findbugs\jsr305\3.0.2\jsr305-3.0.2.jar;C:\Users\purushottam.b01\.m2\repository\net\sf\jopt-simple\jopt-simple\5.0.4\jopt-simple-5.0.4.jar;C:\Users\purushottam.b01\.m2\repository\com\google\guava\guava\32.0.1-jre\guava-32.0.1-jre.jar;C:\Users\purushottam.b01\.m2\repository\com\google\guava\failureaccess\1.0.1\failureaccess-1.0.1.jar;C:\Users\purushottam.b01\.m2\repository\com\google\guava\listenablefuture\9999.0-empty-to-avoid-conflict-with-guava\listenablefuture-9999.0-empty-to-avoid-conflict-with-guava.jar;C:\Users\purushottam.b01\.m2\repository\org\checkerframework\checker-qual\3.33.0\checker-qual-3.33.0.jar;C:\Users\purushottam.b01\.m2\repository\com\google\j2objc\j2objc-annotations\2.8\j2objc-annotations-2.8.jar;C:\Users\purushottam.b01\.m2\repository\org\testng\testng\7.10.2\testng-7.10.2.jar;C:\Users\purushottam.b01\.m2\repository\org\slf4j\slf4j-api\1.7.36\slf4j-api-1.7.36.jar;C:\Users\purushottam.b01\.m2\repository\com\beust\jcommander\1.82\jcommander-1.82.jar;C:\Users\purushottam.b01\.m2\repository\org\webjars\jquery\3.7.1\jquery-3.7.1.jar;C:\Users\purushottam.b01\.m2\repository\org\json\json\20240303\json-20240303.jar;C:\Users\purushottam.b01\.m2\repository\com\github\scribejava\scribejava-apis\8.3.3\scribejava-apis-8.3.3.jar;C:\Users\purushottam.b01\.m2\repository\com\github\scribejava\scribejava-core\8.3.3\scribejava-core-8.3.3.jar;C:\Users\purushottam.b01\.m2\repository\com\github\scribejava\scribejava-java8\8.3.3\scribejava-java8-8.3.3.jar;C:\Users\purushottam.b01\.m2\repository\com\fasterxml\jackson\core\jackson-databind\2.14.0\jackson-databind-2.14.0.jar;C:\Users\purushottam.b01\.m2\repository\com\fasterxml\jackson\core\jackson-annotations\2.14.0\jackson-annotations-2.14.0.jar;C:\Users\purushottam.b01\.m2\repository\com\fasterxml\jackson\core\jackson-core\2.14.0\jackson-core-2.14.0.jar;C:\Users\purushottam.b01\.m2\repository\com\google\code\gson\gson\2.11.0\gson-2.11.0.jar;C:\Users\purushottam.b01\.m2\repository\com\google\errorprone\error_prone_annotations\2.27.0\error_prone_annotations-2.27.0.jar;C:\Users\purushottam.b01\.m2\repository\com\github\javafaker\javafaker\1.0.2\javafaker-1.0.2.jar;C:\Users\purushottam.b01\.m2\repository\org\yaml\snakeyaml\1.23\snakeyaml-1.23-android.jar;C:\Users\purushottam.b01\.m2\repository\com\github\mifmif\generex\1.0.2\generex-1.0.2.jar;C:\Users\purushottam.b01\.m2\repository\dk\brics\automaton\automaton\1.11-8\automaton-1.11-8.jar;C:\Users\purushottam.b01\.m2\repository\com\aventstack\extentreports\5.0.9\extentreports-5.0.9.jar;C:\Users\purushottam.b01\.m2\repository\io\reactivex\rxjava3\rxjava\3.0.4\rxjava-3.0.4.jar;C:\Users\purushottam.b01\.m2\repository\org\reactivestreams\reactive-streams\1.0.3\reactive-streams-1.0.3.jar;C:\Users\purushottam.b01\.m2\repository\org\freemarker\freemarker\2.3.30\freemarker-2.3.30.jar;C:\Users\purushottam.b01\.m2\repository\org\projectlombok\lombok\1.18.12\lombok-1.18.12.jar;C:\Users\purushottam.b01\.m2\repository\org\apache\poi\poi\5.2.2\poi-5.2.2.jar;C:\Users\purushottam.b01\.m2\repository\commons-codec\commons-codec\1.15\commons-codec-1.15.jar;C:\Users\purushottam.b01\.m2\repository\org\apache\commons\commons-collections4\4.4\commons-collections4-4.4.jar;C:\Users\purushottam.b01\.m2\repository\org\apache\commons\commons-math3\3.6.1\commons-math3-3.6.1.jar;C:\Users\purushottam.b01\.m2\repository\commons-io\commons-io\2.11.0\commons-io-2.11.0.jar;C:\Users\purushottam.b01\.m2\repository\com\zaxxer\SparseBitSet\1.2\SparseBitSet-1.2.jar;C:\Users\purushottam.b01\.m2\repository\org\apache\poi\poi-ooxml\5.2.2\poi-ooxml-5.2.2.jar;C:\Users\purushottam.b01\.m2\repository\org\apache\poi\poi-ooxml-lite\5.2.2\poi-ooxml-lite-5.2.2.jar;C:\Users\purushottam.b01\.m2\repository\org\apache\xmlbeans\xmlbeans\5.0.3\xmlbeans-5.0.3.jar;C:\Users\purushottam.b01\.m2\repository\org\apache\commons\commons-compress\1.21\commons-compress-1.21.jar;C:\Users\purushottam.b01\.m2\repository\com\github\virtuald\curvesapi\1.07\curvesapi-1.07.jar;C:\Users\purushottam.b01\.m2\repository\org\apache\logging\log4j\log4j-api\2.18.0\log4j-api-2.18.0.jar;C:\Users\purushottam.b01\.m2\repository\org\apache\logging\log4j\log4j-core\2.18.0\log4j-core-2.18.0.jar;"/>
    <property name="sun.cpu.endian" value="little"/>
    <property name="user.home" value="C:\Users\purushottam.b01"/>
    <property name="user.language" value="en"/>
    <property name="java.specification.vendor" value="Oracle Corporation"/>
    <property name="java.version.date" value="2023-09-19"/>
    <property name="java.home" value="C:\Users\purushottam.b01\Desktop\jdk-21"/>
    <property name="file.separator" value="\"/>
    <property name="basedir" value="C:\Users\purushottam.b01\eclipse-workspace\APIChainingUsingRestAssuredFramework"/>
    <property name="java.vm.compressedOopsMode" value="Zero based"/>
    <property name="line.separator" value="&#10;"/>
    <property name="java.vm.specification.vendor" value="Oracle Corporation"/>
    <property name="java.specification.name" value="Java Platform API Specification"/>
    <property name="surefire.real.class.path" value="C:\Users\purushottam.b01\AppData\Local\Temp\surefire4112736975892343665\surefirebooter-20240716123546624_3.jar"/>
    <property name="user.script" value=""/>
    <property name="sun.management.compiler" value="HotSpot 64-Bit Tiered Compilers"/>
    <property name="java.runtime.version" value="21+35-2513"/>
    <property name="user.name" value="purushottam.b01"/>
    <property name="stdout.encoding" value="Cp1252"/>
    <property name="path.separator" value=";"/>
    <property name="os.version" value="10.0"/>
    <property name="java.runtime.name" value="OpenJDK Runtime Environment"/>
    <property name="file.encoding" value="UTF-8"/>
    <property name="java.vm.name" value="OpenJDK 64-Bit Server VM"/>
    <property name="localRepository" value="C:\Users\purushottam.b01\.m2\repository"/>
    <property name="java.vendor.url.bug" value="https://bugreport.java.com/bugreport/"/>
    <property name="java.io.tmpdir" value="C:\Users\purushottam.b01\AppData\Local\Temp\"/>
    <property name="java.version" value="21"/>
    <property name="user.dir" value="C:\Users\purushottam.b01\eclipse-workspace\APIChainingUsingRestAssuredFramework"/>
    <property name="os.arch" value="amd64"/>
    <property name="java.vm.specification.name" value="Java Virtual Machine Specification"/>
    <property name="sun.os.patch.level" value=""/>
    <property name="native.encoding" value="Cp1252"/>
    <property name="java.library.path" value="C:\Users\purushottam.b01\Desktop\jdk-21\bin;C:\WINDOWS\Sun\Java\bin;C:\WINDOWS\system32;C:\WINDOWS;C:\Program Files (x86)\Python38-32\Scripts\;C:\Program Files (x86)\Python38-32\;C:\Program Files\Python310\Scripts\;C:\Program Files\Python310\;C:\WINDOWS\system32;C:\WINDOWS;C:\WINDOWS\System32\Wbem;C:\WINDOWS\System32\WindowsPowerShell\v1.0\;C:\WINDOWS\System32\OpenSSH\;C:\Program Files\dotnet\;C:\Users\purushottam.b01\Desktop\jdk-21\bin;C:\Users\purushottam.b01\Desktop\Maven\apache-maven-3.9.6\bin;C:\Users\purushottam.b01\AppData\Local\Microsoft\WindowsApps;;."/>
    <property name="java.vm.info" value="mixed mode, sharing"/>
    <property name="stderr.encoding" value="Cp1252"/>
    <property name="java.vendor" value="Oracle Corporation"/>
    <property name="java.vm.version" value="21+35-2513"/>
    <property name="sun.io.unicode.encoding" value="UnicodeLittle"/>
    <property name="java.class.version" value="65.0"/>
  </properties>
  <testcase name="testAddPettoStore[1586, pending](1)" classname="api.testsDetails.TestPetEndpoints_DataDrivenTesting" time="3.007">
    <system-out><![CDATA[petId printing from POST api :1586
{
    "id": 1586,
    "photoUrls": [
        
    ],
    "tags": [
        
    ],
    "status": "pending"
}
]]></system-out>
    <system-err><![CDATA[SLF4J: Failed to load class "org.slf4j.impl.StaticLoggerBinder".
SLF4J: Defaulting to no-operation (NOP) logger implementation
SLF4J: See http://www.slf4j.org/codes.html#StaticLoggerBinder for further details.
]]></system-err>
  </testcase>
  <testcase name="testAddPettoStore[1523, pending](2)" classname="api.testsDetails.TestPetEndpoints_DataDrivenTesting" time="0.488">
    <system-out><![CDATA[petId printing from POST api :1523
{
    "id": 1523,
    "photoUrls": [
        
    ],
    "tags": [
        
    ],
    "status": "pending"
}
]]></system-out>
  </testcase>
  <testcase name="testAddPettoStore[1561, pending](3)" classname="api.testsDetails.TestPetEndpoints_DataDrivenTesting" time="0.537">
    <system-out><![CDATA[petId printing from POST api :1561
{
    "id": 1561,
    "photoUrls": [
        
    ],
    "tags": [
        
    ],
    "status": "pending"
}
]]></system-out>
  </testcase>
  <testcase name="testGetPetDetails[1586, pending](1)" classname="api.testsDetails.TestPetEndpoints_DataDrivenTesting" time="0.501">
    <system-out><![CDATA[petId printing from get API : 1586
{
    "id": 1586,
    "photoUrls": [
        
    ],
    "tags": [
        
    ],
    "status": "pending"
}
]]></system-out>
  </testcase>
  <testcase name="testGetPetDetails[1523, pending](2)" classname="api.testsDetails.TestPetEndpoints_DataDrivenTesting" time="0.517">
    <system-out><![CDATA[petId printing from get API : 1523
{
    "id": 1523,
    "photoUrls": [
        
    ],
    "tags": [
        
    ],
    "status": "pending"
}
]]></system-out>
  </testcase>
  <testcase name="testGetPetDetails[1561, pending](3)" classname="api.testsDetails.TestPetEndpoints_DataDrivenTesting" time="0.463">
    <system-out><![CDATA[petId printing from get API : 1561
{
    "id": 1561,
    "photoUrls": [
        
    ],
    "tags": [
        
    ],
    "status": "pending"
}
]]></system-out>
  </testcase>
  <testcase name="testupdatePetDetails[1586, pending](1)" classname="api.testsDetails.TestPetEndpoints_DataDrivenTesting" time="0.463">
    <system-out><![CDATA[petId printing from Update API : 1561
{
    "id": 1586,
    "photoUrls": [
        
    ],
    "tags": [
        
    ],
    "status": "Sold"
}
]]></system-out>
  </testcase>
  <testcase name="testupdatePetDetails[1523, pending](2)" classname="api.testsDetails.TestPetEndpoints_DataDrivenTesting" time="0.476">
    <system-out><![CDATA[petId printing from Update API : 1561
{
    "id": 1523,
    "photoUrls": [
        
    ],
    "tags": [
        
    ],
    "status": "Sold"
}
]]></system-out>
  </testcase>
  <testcase name="testupdatePetDetails[1561, pending](3)" classname="api.testsDetails.TestPetEndpoints_DataDrivenTesting" time="0.459">
    <system-out><![CDATA[petId printing from Update API : 1561
{
    "id": 1561,
    "photoUrls": [
        
    ],
    "tags": [
        
    ],
    "status": "Sold"
}
]]></system-out>
  </testcase>
</testsuite>