<?xml version="1.0" encoding="UTF-8"?>
<!-- Generated by org.testng.reporters.JUnitReportReporter -->
<testsuite hostname="HYDPCM581971L" failures="0" tests="9" name="api.testsDetails.TestPetEndpoints2" time="6.947" errors="0" timestamp="2024-07-16T12:32:48 IST" skipped="0">
  <testcase classname="api.testsDetails.TestPetEndpoints2" name="testAddPettoStore" time="0.469"/>
  <testcase classname="api.testsDetails.TestPetEndpoints2" name="testAddPettoStore" time="0.467"/>
  <testcase classname="api.testsDetails.TestPetEndpoints2" name="testAddPettoStore" time="3.056"/>
  <testcase classname="api.testsDetails.TestPetEndpoints2" name="testGetPetDetails" time="0.569"/>
  <testcase classname="api.testsDetails.TestPetEndpoints2" name="testGetPetDetails" time="0.490"/>
  <testcase classname="api.testsDetails.TestPetEndpoints2" name="testGetPetDetails" time="0.475"/>
  <testcase classname="api.testsDetails.TestPetEndpoints2" name="testupdatePetDetails" time="0.463"/>
  <testcase classname="api.testsDetails.TestPetEndpoints2" name="testupdatePetDetails" time="0.475"/>
  <testcase classname="api.testsDetails.TestPetEndpoints2" name="testupdatePetDetails" time="0.483"/>
</testsuite> <!-- api.testsDetails.TestPetEndpoints2 -->
