<?xml version="1.0" encoding="UTF-8"?>
<!-- Generated by org.testng.reporters.JUnitReportReporter -->
<testsuite hostname="HYDPCM581971L" failures="0" tests="4" name="api.testsDetails.TestPetEndpoints" time="11.204" errors="0" timestamp="2024-07-16T14:57:24 IST" skipped="0">
  <testcase classname="api.testsDetails.TestPetEndpoints" name="testAddPettoStore" time="7.984"/>
  <testcase classname="api.testsDetails.TestPetEndpoints" name="testGetPetDetails" time="0.809"/>
  <testcase classname="api.testsDetails.TestPetEndpoints" name="testupdatePetDetails" time="1.705"/>
  <testcase classname="api.testsDetails.TestPetEndpoints" name="testdeletePetDetails" time="0.706"/>
</testsuite> <!-- api.testsDetails.TestPetEndpoints -->
