<?xml version="1.0" encoding="UTF-8"?>
<!-- Generated by org.testng.reporters.JUnitReportReporter -->
<testsuite hostname="HYDPCM581971L" failures="0" tests="9" name="api.testsDetails.TestPetEndpoints_DataDrivenTesting" time="11.852" errors="0" timestamp="2024-07-16T16:01:56 IST" skipped="0">
  <testcase classname="api.testsDetails.TestPetEndpoints_DataDrivenTesting" name="testAddPettoStore" time="0.737"/>
  <testcase classname="api.testsDetails.TestPetEndpoints_DataDrivenTesting" name="testAddPettoStore" time="0.642"/>
  <testcase classname="api.testsDetails.TestPetEndpoints_DataDrivenTesting" name="testAddPettoStore" time="3.764"/>
  <testcase classname="api.testsDetails.TestPetEndpoints_DataDrivenTesting" name="testGetPetDetails" time="1.210"/>
  <testcase classname="api.testsDetails.TestPetEndpoints_DataDrivenTesting" name="testGetPetDetails" time="1.256"/>
  <testcase classname="api.testsDetails.TestPetEndpoints_DataDrivenTesting" name="testGetPetDetails" time="0.476"/>
  <testcase classname="api.testsDetails.TestPetEndpoints_DataDrivenTesting" name="testupdatePetDetails" time="0.571"/>
  <testcase classname="api.testsDetails.TestPetEndpoints_DataDrivenTesting" name="testupdatePetDetails" time="1.301"/>
  <testcase classname="api.testsDetails.TestPetEndpoints_DataDrivenTesting" name="testupdatePetDetails" time="1.895"/>
</testsuite> <!-- api.testsDetails.TestPetEndpoints_DataDrivenTesting -->
