<?xml version="1.0" encoding="UTF-8"?>
<!-- Generated by org.testng.reporters.JUnitReportReporter -->
<testsuite hostname="HYDPCM581971L" failures="0" tests="4" name="api.testsDetails.TestPetEndpoints" time="3.846" errors="0" timestamp="2024-07-16T12:33:32 IST" skipped="0">
  <testcase classname="api.testsDetails.TestPetEndpoints" name="testAddPettoStore" time="2.380"/>
  <testcase classname="api.testsDetails.TestPetEndpoints" name="testGetPetDetails" time="0.499"/>
  <testcase classname="api.testsDetails.TestPetEndpoints" name="testupdatePetDetails" time="0.496"/>
  <testcase classname="api.testsDetails.TestPetEndpoints" name="testdeletePetDetails" time="0.471"/>
</testsuite> <!-- api.testsDetails.TestPetEndpoints -->
