<?xml version="1.0" encoding="UTF-8"?>
<!-- Generated by org.testng.reporters.JUnitReportReporter -->
<testsuite hostname="HYDPCM581971L" failures="0" tests="9" name="api.testsDetails.TestPetEndpoints2" time="6.354" errors="0" timestamp="2024-07-16T12:34:09 IST" skipped="0">
  <testcase classname="api.testsDetails.TestPetEndpoints2" name="testAddPettoStore" time="0.485"/>
  <testcase classname="api.testsDetails.TestPetEndpoints2" name="testAddPettoStore" time="2.124"/>
  <testcase classname="api.testsDetails.TestPetEndpoints2" name="testAddPettoStore" time="0.468"/>
  <testcase classname="api.testsDetails.TestPetEndpoints2" name="testGetPetDetails" time="0.637"/>
  <testcase classname="api.testsDetails.TestPetEndpoints2" name="testGetPetDetails" time="0.609"/>
  <testcase classname="api.testsDetails.TestPetEndpoints2" name="testGetPetDetails" time="0.551"/>
  <testcase classname="api.testsDetails.TestPetEndpoints2" name="testupdatePetDetails" time="0.484"/>
  <testcase classname="api.testsDetails.TestPetEndpoints2" name="testupdatePetDetails" time="0.465"/>
  <testcase classname="api.testsDetails.TestPetEndpoints2" name="testupdatePetDetails" time="0.531"/>
</testsuite> <!-- api.testsDetails.TestPetEndpoints2 -->
