<?xml version="1.0" encoding="UTF-8"?>
<!-- Generated by org.testng.reporters.JUnitReportReporter -->
<testsuite hostname="HYDPCM581971L" failures="0" tests="9" name="api.testsDetails.TestPetEndpoints_DataDrivenTesting" time="6.895" errors="0" timestamp="2024-07-16T12:35:56 IST" skipped="0">
  <testcase classname="api.testsDetails.TestPetEndpoints_DataDrivenTesting" name="testAddPettoStore" time="0.536"/>
  <testcase classname="api.testsDetails.TestPetEndpoints_DataDrivenTesting" name="testAddPettoStore" time="2.994"/>
  <testcase classname="api.testsDetails.TestPetEndpoints_DataDrivenTesting" name="testAddPettoStore" time="0.491"/>
  <testcase classname="api.testsDetails.TestPetEndpoints_DataDrivenTesting" name="testGetPetDetails" time="0.460"/>
  <testcase classname="api.testsDetails.TestPetEndpoints_DataDrivenTesting" name="testGetPetDetails" time="0.520"/>
  <testcase classname="api.testsDetails.TestPetEndpoints_DataDrivenTesting" name="testGetPetDetails" time="0.497"/>
  <testcase classname="api.testsDetails.TestPetEndpoints_DataDrivenTesting" name="testupdatePetDetails" time="0.476"/>
  <testcase classname="api.testsDetails.TestPetEndpoints_DataDrivenTesting" name="testupdatePetDetails" time="0.462"/>
  <testcase classname="api.testsDetails.TestPetEndpoints_DataDrivenTesting" name="testupdatePetDetails" time="0.459"/>
</testsuite> <!-- api.testsDetails.TestPetEndpoints_DataDrivenTesting -->
